2021-02-22T05:01:37+00:00 CRITICAL Uncaught ArgumentCountError: Too few arguments to function wc_maybe_store_user_agent(), 1 passed in /var/www/wordpress/wp-includes/class-wp-hook.php on line 287 and exactly 2 expected in /var/www/wordpress/wp-content/plugins/woocommerce/includes/wc-user-functions.php:855
Stack trace:
#0 /var/www/wordpress/wp-includes/class-wp-hook.php(287): wc_maybe_store_user_agent()
#1 /var/www/wordpress/wp-includes/class-wp-hook.php(311): WP_Hook->apply_filters()
#2 /var/www/wordpress/wp-includes/plugin.php(478): WP_Hook->do_action()
#3 /var/www/wordpress/wp-force.php(12): do_action()
#4 {main}
  thrown in /var/www/wordpress/wp-content/plugins/woocommerce/includes/wc-user-functions.php on line 855

2021-02-22T05:03:28+00:00 CRITICAL Uncaught ArgumentCountError: Too few arguments to function wc_maybe_store_user_agent(), 1 passed in /var/www/wordpress/wp-includes/class-wp-hook.php on line 287 and exactly 2 expected in /var/www/wordpress/wp-content/plugins/woocommerce/includes/wc-user-functions.php:855
Stack trace:
#0 /var/www/wordpress/wp-includes/class-wp-hook.php(287): wc_maybe_store_user_agent()
#1 /var/www/wordpress/wp-includes/class-wp-hook.php(311): WP_Hook->apply_filters()
#2 /var/www/wordpress/wp-includes/plugin.php(478): WP_Hook->do_action()
#3 /var/www/wordpress/wp-force.php(12): do_action()
#4 {main}
  thrown in /var/www/wordpress/wp-content/plugins/woocommerce/includes/wc-user-functions.php on line 855

2021-02-22T05:03:33+00:00 CRITICAL Uncaught ArgumentCountError: Too few arguments to function wc_maybe_store_user_agent(), 1 passed in /var/www/wordpress/wp-includes/class-wp-hook.php on line 287 and exactly 2 expected in /var/www/wordpress/wp-content/plugins/woocommerce/includes/wc-user-functions.php:855
Stack trace:
#0 /var/www/wordpress/wp-includes/class-wp-hook.php(287): wc_maybe_store_user_agent()
#1 /var/www/wordpress/wp-includes/class-wp-hook.php(311): WP_Hook->apply_filters()
#2 /var/www/wordpress/wp-includes/plugin.php(478): WP_Hook->do_action()
#3 /var/www/wordpress/wp-force.php(12): do_action()
#4 {main}
  thrown in /var/www/wordpress/wp-content/plugins/woocommerce/includes/wc-user-functions.php on line 855

2021-02-22T05:03:51+00:00 CRITICAL Uncaught ArgumentCountError: Too few arguments to function wc_maybe_store_user_agent(), 1 passed in /var/www/wordpress/wp-includes/class-wp-hook.php on line 287 and exactly 2 expected in /var/www/wordpress/wp-content/plugins/woocommerce/includes/wc-user-functions.php:855
Stack trace:
#0 /var/www/wordpress/wp-includes/class-wp-hook.php(287): wc_maybe_store_user_agent()
#1 /var/www/wordpress/wp-includes/class-wp-hook.php(311): WP_Hook->apply_filters()
#2 /var/www/wordpress/wp-includes/plugin.php(478): WP_Hook->do_action()
#3 /var/www/wordpress/wp-force.php(12): do_action()
#4 {main}
  thrown in /var/www/wordpress/wp-content/plugins/woocommerce/includes/wc-user-functions.php on line 855

